Added Component: Designator=C1(CAPPRD500W50D500H1100)
Add component (AddParameter): Name = "Availability"; Value = "Unavailable"; VariantName = "[No Variations]"
Add component (AddParameter): Name = "MF"; Value = "{'manufacturer': u'Panasonic'}"; VariantName = "[No Variations]"
Add component (AddParameter): Name = "MP"; Value = "EEUFS0J221B"; VariantName = "[No Variations]"
Add component (AddParameter): Name = "Package"; Value = "None"; VariantName = "[No Variations]"
Add component (AddParameter): Name = "Price"; Value = "None"; VariantName = "[No Variations]"
Add component (AddParameter): Name = "Value"; Value = ""; VariantName = "[No Variations]"
Added Component: Designator=C2(CAPPRD500W50D500H1100)
Add component (AddParameter): Name = "Availability"; Value = "Unavailable"; VariantName = "[No Variations]"
Add component (AddParameter): Name = "MF"; Value = "{'manufacturer': u'Panasonic'}"; VariantName = "[No Variations]"
Add component (AddParameter): Name = "MP"; Value = "EEUFS0J221B"; VariantName = "[No Variations]"
Add component (AddParameter): Name = "Package"; Value = "None"; VariantName = "[No Variations]"
Add component (AddParameter): Name = "Price"; Value = "None"; VariantName = "[No Variations]"
Add component (AddParameter): Name = "Value"; Value = ""; VariantName = "[No Variations]"
Added Component: Designator=C3(CAPRB500W50L450T300H550)
Add component (AddParameter): Name = "Check_prices"; Value = "https://www.snapeda.com/parts/FG24X7R2E222KNT06/TDK/view-part/?ref=eda"; VariantName = "[No Variations]"
Add component (AddParameter): Name = "Digi-Key_Part_Number"; Value = "445-173386-1-ND"; VariantName = "[No Variations]"
Add component (AddParameter): Name = "MF"; Value = "TDK"; VariantName = "[No Variations]"
Add component (AddParameter): Name = "MP"; Value = "FG24X7R2E222KNT06"; VariantName = "[No Variations]"
Add component (AddParameter): Name = "Package"; Value = "Radial TDK"; VariantName = "[No Variations]"
Add component (AddParameter): Name = "Purchase-URL"; Value = "https://pricing.snapeda.com/search/part/FG24X7R2E222KNT06/?ref=eda"; VariantName = "[No Variations]"
Add component (AddParameter): Name = "SnapEDA_Link"; Value = "https://www.snapeda.com/parts/FG24X7R2E222KNT06/TDK/view-part/?ref=snap"; VariantName = "[No Variations]"
Add component (AddParameter): Name = "Value"; Value = ""; VariantName = "[No Variations]"
Added Component: Designator=C4(CAPRB500W50L450T300H550)
Add component (AddParameter): Name = "Check_prices"; Value = "https://www.snapeda.com/parts/FG24X7R2E222KNT06/TDK/view-part/?ref=eda"; VariantName = "[No Variations]"
Add component (AddParameter): Name = "Digi-Key_Part_Number"; Value = "445-173386-1-ND"; VariantName = "[No Variations]"
Add component (AddParameter): Name = "MF"; Value = "TDK"; VariantName = "[No Variations]"
Add component (AddParameter): Name = "MP"; Value = "FG24X7R2E222KNT06"; VariantName = "[No Variations]"
Add component (AddParameter): Name = "Package"; Value = "Radial TDK"; VariantName = "[No Variations]"
Add component (AddParameter): Name = "Purchase-URL"; Value = "https://pricing.snapeda.com/search/part/FG24X7R2E222KNT06/?ref=eda"; VariantName = "[No Variations]"
Add component (AddParameter): Name = "SnapEDA_Link"; Value = "https://www.snapeda.com/parts/FG24X7R2E222KNT06/TDK/view-part/?ref=snap"; VariantName = "[No Variations]"
Add component (AddParameter): Name = "Value"; Value = ""; VariantName = "[No Variations]"
Added Component: Designator=C5(CAPRB500W50L450T300H550)
Add component (AddParameter): Name = "Check_prices"; Value = "https://www.snapeda.com/parts/FG24X7R2E222KNT06/TDK/view-part/?ref=eda"; VariantName = "[No Variations]"
Add component (AddParameter): Name = "Digi-Key_Part_Number"; Value = "445-173386-1-ND"; VariantName = "[No Variations]"
Add component (AddParameter): Name = "MF"; Value = "TDK"; VariantName = "[No Variations]"
Add component (AddParameter): Name = "MP"; Value = "FG24X7R2E222KNT06"; VariantName = "[No Variations]"
Add component (AddParameter): Name = "Package"; Value = "Radial TDK"; VariantName = "[No Variations]"
Add component (AddParameter): Name = "Purchase-URL"; Value = "https://pricing.snapeda.com/search/part/FG24X7R2E222KNT06/?ref=eda"; VariantName = "[No Variations]"
Add component (AddParameter): Name = "SnapEDA_Link"; Value = "https://www.snapeda.com/parts/FG24X7R2E222KNT06/TDK/view-part/?ref=snap"; VariantName = "[No Variations]"
Add component (AddParameter): Name = "Value"; Value = ""; VariantName = "[No Variations]"
Added Component: Designator=C6(CAPPRD500W50D500H1100)
Add component (AddParameter): Name = "Availability"; Value = "Unavailable"; VariantName = "[No Variations]"
Add component (AddParameter): Name = "MF"; Value = "{'manufacturer': u'Panasonic'}"; VariantName = "[No Variations]"
Add component (AddParameter): Name = "MP"; Value = "EEUFS0J221B"; VariantName = "[No Variations]"
Add component (AddParameter): Name = "Package"; Value = "None"; VariantName = "[No Variations]"
Add component (AddParameter): Name = "Price"; Value = "None"; VariantName = "[No Variations]"
Add component (AddParameter): Name = "Value"; Value = ""; VariantName = "[No Variations]"
Added Component: Designator=D1(DIOAD1060W80L520D270)
Add component (AddParameter): Name = "Availability"; Value = "Unavailable"; VariantName = "[No Variations]"
Add component (AddParameter): Name = "MF"; Value = ""; VariantName = "[No Variations]"
Add component (AddParameter): Name = "MP"; Value = "1N4007"; VariantName = "[No Variations]"
Add component (AddParameter): Name = "Package"; Value = "None"; VariantName = "[No Variations]"
Add component (AddParameter): Name = "Price"; Value = "None"; VariantName = "[No Variations]"
Add component (AddParameter): Name = "Value"; Value = ""; VariantName = "[No Variations]"
Added Component: Designator=D2(LEDRD254W57D500H1070)
Add component (AddParameter): Name = "Availability"; Value = "Unavailable"; VariantName = "[No Variations]"
Add component (AddParameter): Name = "MF"; Value = "{'manufacturer': u'LED Technology'}"; VariantName = "[No Variations]"
Add component (AddParameter): Name = "MP"; Value = "L08R5000Q1"; VariantName = "[No Variations]"
Add component (AddParameter): Name = "Package"; Value = "None"; VariantName = "[No Variations]"
Add component (AddParameter): Name = "Price"; Value = "None"; VariantName = "[No Variations]"
Add component (AddParameter): Name = "Value"; Value = ""; VariantName = "[No Variations]"
Added Component: Designator=D3(LEDRD254W57D500H1070)
Add component (AddParameter): Name = "Availability"; Value = "Unavailable"; VariantName = "[No Variations]"
Add component (AddParameter): Name = "MF"; Value = "{'manufacturer': u'LED Technology'}"; VariantName = "[No Variations]"
Add component (AddParameter): Name = "MP"; Value = "L08R5000Q1"; VariantName = "[No Variations]"
Add component (AddParameter): Name = "Package"; Value = "None"; VariantName = "[No Variations]"
Add component (AddParameter): Name = "Price"; Value = "None"; VariantName = "[No Variations]"
Add component (AddParameter): Name = "Value"; Value = ""; VariantName = "[No Variations]"
Added Component: Designator=J1(691111710002)
Add component (AddParameter): Name = "Availability"; Value = "Unavailable"; VariantName = "[No Variations]"
Add component (AddParameter): Name = "MF"; Value = "Wurth Electronics"; VariantName = "[No Variations]"
Add component (AddParameter): Name = "MP"; Value = "691111710002"; VariantName = "[No Variations]"
Add component (AddParameter): Name = "Package"; Value = "None"; VariantName = "[No Variations]"
Add component (AddParameter): Name = "Price"; Value = "None"; VariantName = "[No Variations]"
Add component (AddParameter): Name = "SnapEDA_Link"; Value = "https://www.snapeda.com/parts/691111710002/Wurth%20Electronics%20Inc./view-part/1195092/?ref=snap"; VariantName = "[No Variations]"
Add component (AddParameter): Name = "Value"; Value = ""; VariantName = "[No Variations]"
Added Component: Designator=J2(SULLINS_PPTC041LFBN-RC)
Add component (AddParameter): Name = "Availability"; Value = "Warning"; VariantName = "[No Variations]"
Add component (AddParameter): Name = "Check_prices"; Value = "https://www.snapeda.com/parts/PPTC041LFBN-RC/Sullins%20Connector%20Solutions/view-part/285917/?ref=eda"; VariantName = "[No Variations]"
Add component (AddParameter): Name = "MF"; Value = "Sullins Connector"; VariantName = "[No Variations]"
Add component (AddParameter): Name = "MP"; Value = "PPTC041LFBN-RC"; VariantName = "[No Variations]"
Add component (AddParameter): Name = "Package"; Value = "None"; VariantName = "[No Variations]"
Add component (AddParameter): Name = "Price"; Value = "None"; VariantName = "[No Variations]"
Add component (AddParameter): Name = "Purchase-URL"; Value = "https://pricing.snapeda.com/search/part/PPTC041LFBN-RC/?ref=eda"; VariantName = "[No Variations]"
Add component (AddParameter): Name = "SnapEDA_Link"; Value = "https://www.snapeda.com/parts/PPTC041LFBN-RC/Sullins%20Connector%20Solutions/view-part/285917/?ref=snap"; VariantName = "[No Variations]"
Add component (AddParameter): Name = "Value"; Value = ""; VariantName = "[No Variations]"
Added Component: Designator=J3(691111710002)
Add component (AddParameter): Name = "Availability"; Value = "Unavailable"; VariantName = "[No Variations]"
Add component (AddParameter): Name = "MF"; Value = "Wurth Electronics"; VariantName = "[No Variations]"
Add component (AddParameter): Name = "MP"; Value = "691111710002"; VariantName = "[No Variations]"
Add component (AddParameter): Name = "Package"; Value = "None"; VariantName = "[No Variations]"
Add component (AddParameter): Name = "Price"; Value = "None"; VariantName = "[No Variations]"
Add component (AddParameter): Name = "SnapEDA_Link"; Value = "https://www.snapeda.com/parts/691111710002/Wurth%20Electronics%20Inc./view-part/1195092/?ref=snap"; VariantName = "[No Variations]"
Add component (AddParameter): Name = "Value"; Value = ""; VariantName = "[No Variations]"
Added Component: Designator=P1(HDR1X3)
Add component (AddParameter): Name = "LatestRevisionDate"; Value = "17-Jul-2002"; VariantName = "[No Variations]"
Add component (AddParameter): Name = "LatestRevisionNote"; Value = "Re-released for DXP Platform."; VariantName = "[No Variations]"
Add component (AddParameter): Name = "Publisher"; Value = "Altium Limited"; VariantName = "[No Variations]"
Added Component: Designator=Q1(TO254P1052X465X1989-3)
Add component (AddParameter): Name = "Availability"; Value = "Unavailable"; VariantName = "[No Variations]"
Add component (AddParameter): Name = "MF"; Value = ""; VariantName = "[No Variations]"
Add component (AddParameter): Name = "MP"; Value = "IRF540"; VariantName = "[No Variations]"
Add component (AddParameter): Name = "Package"; Value = "None"; VariantName = "[No Variations]"
Add component (AddParameter): Name = "Price"; Value = "None"; VariantName = "[No Variations]"
Add component (AddParameter): Name = "Value"; Value = ""; VariantName = "[No Variations]"
Added Component: Designator=R1(RESAD1100W55L680D260)
Add component (AddParameter): Name = "Digi-Key_Part_Number"; Value = "10.2KXBK-ND"; VariantName = "[No Variations]"
Add component (AddParameter): Name = "MF"; Value = "Yageo"; VariantName = "[No Variations]"
Add component (AddParameter): Name = "MP"; Value = "MFR-25FBF52-10K"; VariantName = "[No Variations]"
Add component (AddParameter): Name = "Package"; Value = "Axial Yageo"; VariantName = "[No Variations]"
Add component (AddParameter): Name = "Purchase-URL"; Value = "https://pricing.snapeda.com/search/part/MFR-25FBF52-10K/?ref=eda"; VariantName = "[No Variations]"
Add component (AddParameter): Name = "SnapEDA_Link"; Value = "https://www.snapeda.com/parts/MFR-25FBF52-10K/Yageo/view-part/424333/?ref=snap"; VariantName = "[No Variations]"
Add component (AddParameter): Name = "Value"; Value = ""; VariantName = "[No Variations]"
Added Component: Designator=R2(RESAD1100W55L680D260)
Add component (AddParameter): Name = "Digi-Key_Part_Number"; Value = "10.2KXBK-ND"; VariantName = "[No Variations]"
Add component (AddParameter): Name = "MF"; Value = "Yageo"; VariantName = "[No Variations]"
Add component (AddParameter): Name = "MP"; Value = "MFR-25FBF52-10K"; VariantName = "[No Variations]"
Add component (AddParameter): Name = "Package"; Value = "Axial Yageo"; VariantName = "[No Variations]"
Add component (AddParameter): Name = "Purchase-URL"; Value = "https://pricing.snapeda.com/search/part/MFR-25FBF52-10K/?ref=eda"; VariantName = "[No Variations]"
Add component (AddParameter): Name = "SnapEDA_Link"; Value = "https://www.snapeda.com/parts/MFR-25FBF52-10K/Yageo/view-part/424333/?ref=snap"; VariantName = "[No Variations]"
Add component (AddParameter): Name = "Value"; Value = ""; VariantName = "[No Variations]"
Added Component: Designator=R3(RESAD1100W55L680D260)
Add component (AddParameter): Name = "Digi-Key_Part_Number"; Value = "10.2KXBK-ND"; VariantName = "[No Variations]"
Add component (AddParameter): Name = "MF"; Value = "Yageo"; VariantName = "[No Variations]"
Add component (AddParameter): Name = "MP"; Value = "MFR-25FBF52-10K"; VariantName = "[No Variations]"
Add component (AddParameter): Name = "Package"; Value = "Axial Yageo"; VariantName = "[No Variations]"
Add component (AddParameter): Name = "Purchase-URL"; Value = "https://pricing.snapeda.com/search/part/MFR-25FBF52-10K/?ref=eda"; VariantName = "[No Variations]"
Add component (AddParameter): Name = "SnapEDA_Link"; Value = "https://www.snapeda.com/parts/MFR-25FBF52-10K/Yageo/view-part/424333/?ref=snap"; VariantName = "[No Variations]"
Add component (AddParameter): Name = "Value"; Value = ""; VariantName = "[No Variations]"
Added Component: Designator=R4(RESAD1100W55L680D260)
Add component (AddParameter): Name = "Digi-Key_Part_Number"; Value = "10.2KXBK-ND"; VariantName = "[No Variations]"
Add component (AddParameter): Name = "MF"; Value = "Yageo"; VariantName = "[No Variations]"
Add component (AddParameter): Name = "MP"; Value = "MFR-25FBF52-10K"; VariantName = "[No Variations]"
Add component (AddParameter): Name = "Package"; Value = "Axial Yageo"; VariantName = "[No Variations]"
Add component (AddParameter): Name = "Purchase-URL"; Value = "https://pricing.snapeda.com/search/part/MFR-25FBF52-10K/?ref=eda"; VariantName = "[No Variations]"
Add component (AddParameter): Name = "SnapEDA_Link"; Value = "https://www.snapeda.com/parts/MFR-25FBF52-10K/Yageo/view-part/424333/?ref=snap"; VariantName = "[No Variations]"
Add component (AddParameter): Name = "Value"; Value = ""; VariantName = "[No Variations]"
Added Component: Designator=R5(RESAD1100W55L680D260)
Add component (AddParameter): Name = "Digi-Key_Part_Number"; Value = "10.2KXBK-ND"; VariantName = "[No Variations]"
Add component (AddParameter): Name = "MF"; Value = "Yageo"; VariantName = "[No Variations]"
Add component (AddParameter): Name = "MP"; Value = "MFR-25FBF52-10K"; VariantName = "[No Variations]"
Add component (AddParameter): Name = "Package"; Value = "Axial Yageo"; VariantName = "[No Variations]"
Add component (AddParameter): Name = "Purchase-URL"; Value = "https://pricing.snapeda.com/search/part/MFR-25FBF52-10K/?ref=eda"; VariantName = "[No Variations]"
Add component (AddParameter): Name = "SnapEDA_Link"; Value = "https://www.snapeda.com/parts/MFR-25FBF52-10K/Yageo/view-part/424333/?ref=snap"; VariantName = "[No Variations]"
Add component (AddParameter): Name = "Value"; Value = ""; VariantName = "[No Variations]"
Added Component: Designator=U1(TO255P1020X450X1968-3)
Add component (AddParameter): Name = "Availability"; Value = "Unavailable"; VariantName = "[No Variations]"
Add component (AddParameter): Name = "MF"; Value = ""; VariantName = "[No Variations]"
Add component (AddParameter): Name = "MP"; Value = "LM7805CT/NOPB"; VariantName = "[No Variations]"
Add component (AddParameter): Name = "Package"; Value = "None"; VariantName = "[No Variations]"
Add component (AddParameter): Name = "Price"; Value = "None"; VariantName = "[No Variations]"
Add component (AddParameter): Name = "Value"; Value = ""; VariantName = "[No Variations]"
Added Component: Designator=U2(DIP794W46P254L2967H457Q28B)
Add component (AddParameter): Name = "Availability"; Value = "Unavailable"; VariantName = "[No Variations]"
Add component (AddParameter): Name = "MF"; Value = ""; VariantName = "[No Variations]"
Add component (AddParameter): Name = "MP"; Value = "ATMEGA328P-PU"; VariantName = "[No Variations]"
Add component (AddParameter): Name = "Package"; Value = "None"; VariantName = "[No Variations]"
Add component (AddParameter): Name = "Price"; Value = "None"; VariantName = "[No Variations]"
Add component (AddParameter): Name = "Value"; Value = ""; VariantName = "[No Variations]"
Added Component: Designator=Y1(XTAL_ECS-160-20-4X)
Add component (AddParameter): Name = "Availability"; Value = "Unavailable"; VariantName = "[No Variations]"
Add component (AddParameter): Name = "MF"; Value = "{'manufacturer': u'ECS Inc.'}"; VariantName = "[No Variations]"
Add component (AddParameter): Name = "MP"; Value = "ECS-160-S-4"; VariantName = "[No Variations]"
Add component (AddParameter): Name = "Package"; Value = "None"; VariantName = "[No Variations]"
Add component (AddParameter): Name = "Price"; Value = "None"; VariantName = "[No Variations]"
Add component (AddParameter): Name = "Value"; Value = ""; VariantName = "[No Variations]"
Added Pin To Net: NetName=+12 Pin=D1-A
Added Pin To Net: NetName=+12 Pin=J1-2
Added Pin To Net: NetName=+12 Pin=J3-1
Added Net: Name=+12
Added Pin To Net: NetName=GND Pin=C1-N
Added Pin To Net: NetName=GND Pin=C2-N
Added Pin To Net: NetName=GND Pin=C3-2
Added Pin To Net: NetName=GND Pin=C4-2
Added Pin To Net: NetName=GND Pin=C5-2
Added Pin To Net: NetName=GND Pin=C6-N
Added Pin To Net: NetName=GND Pin=D2-C
Added Pin To Net: NetName=GND Pin=J1-1
Added Pin To Net: NetName=GND Pin=J2-4
Added Pin To Net: NetName=GND Pin=P1-2
Added Pin To Net: NetName=GND Pin=Q1-3
Added Pin To Net: NetName=GND Pin=R4-2
Added Pin To Net: NetName=GND Pin=U1-2
Added Pin To Net: NetName=GND Pin=U2-8
Added Pin To Net: NetName=GND Pin=U2-22
Added Net: Name=GND
Added Pin To Net: NetName=indicator Pin=R5-1
Added Pin To Net: NetName=indicator Pin=U2-13
Added Net: Name=indicator
Added Pin To Net: NetName=NetC1_P Pin=C1-P
Added Pin To Net: NetName=NetC1_P Pin=D1-C
Added Pin To Net: NetName=NetC1_P Pin=R1-1
Added Pin To Net: NetName=NetC1_P Pin=U1-1
Added Net: Name=NetC1_P
Added Pin To Net: NetName=NetC3_1 Pin=C3-1
Added Pin To Net: NetName=NetC3_1 Pin=U2-21
Added Net: Name=NetC3_1
Added Pin To Net: NetName=NetC6_P Pin=C6-P
Added Pin To Net: NetName=NetC6_P Pin=Q1-1
Added Pin To Net: NetName=NetC6_P Pin=R2-2
Added Pin To Net: NetName=NetC6_P Pin=R4-1
Added Net: Name=NetC6_P
Added Pin To Net: NetName=NetD2_A Pin=D2-A
Added Pin To Net: NetName=NetD2_A Pin=R1-2
Added Net: Name=NetD2_A
Added Pin To Net: NetName=NetD3_A Pin=D3-A
Added Pin To Net: NetName=NetD3_A Pin=R5-2
Added Net: Name=NetD3_A
Added Pin To Net: NetName=NetJ3_2 Pin=J3-2
Added Pin To Net: NetName=NetJ3_2 Pin=Q1-2
Added Net: Name=NetJ3_2
Added Pin To Net: NetName=pump Pin=R2-1
Added Pin To Net: NetName=pump Pin=U2-15
Added Net: Name=pump
Added Pin To Net: NetName=reset Pin=J2-1
Added Pin To Net: NetName=reset Pin=R3-2
Added Pin To Net: NetName=reset Pin=U2-1
Added Net: Name=reset
Added Pin To Net: NetName=rx Pin=J2-3
Added Pin To Net: NetName=rx Pin=U2-3
Added Net: Name=rx
Added Pin To Net: NetName=sensor Pin=P1-3
Added Pin To Net: NetName=sensor Pin=U2-14
Added Net: Name=sensor
Added Pin To Net: NetName=tx Pin=J2-2
Added Pin To Net: NetName=tx Pin=U2-2
Added Net: Name=tx
Added Pin To Net: NetName=VCC Pin=C2-P
Added Pin To Net: NetName=VCC Pin=P1-1
Added Pin To Net: NetName=VCC Pin=R3-1
Added Pin To Net: NetName=VCC Pin=U1-3
Added Pin To Net: NetName=VCC Pin=U2-7
Added Pin To Net: NetName=VCC Pin=U2-20
Added Net: Name=VCC
Added Pin To Net: NetName=xtal1 Pin=C4-1
Added Pin To Net: NetName=xtal1 Pin=U2-9
Added Pin To Net: NetName=xtal1 Pin=Y1-1
Added Net: Name=xtal1
Added Pin To Net: NetName=xtal2 Pin=C5-1
Added Pin To Net: NetName=xtal2 Pin=U2-10
Added Pin To Net: NetName=xtal2 Pin=Y1-2
Added Net: Name=xtal2
Added Class: Name=schematic
Added Room: Name=schematic
