Removed Pin From Net: NetName=reset Pin=J2-1
Removed Pin From Net: NetName=tx Pin=J2-2
Removed Pin From Net: NetName=rx Pin=J2-3
Added Component: Designator=J?(SULLINS_PPTC041LFBN-RC)
Add component (AddParameter): Name = "Availability"; Value = "Warning"; VariantName = "[No Variations]"
Add component (AddParameter): Name = "Check_prices"; Value = "https://www.snapeda.com/parts/PPTC041LFBN-RC/Sullins%20Connector%20Solutions/view-part/285917/?ref=eda"; VariantName = "[No Variations]"
Add component (AddParameter): Name = "MF"; Value = "Sullins Connector"; VariantName = "[No Variations]"
Add component (AddParameter): Name = "MP"; Value = "PPTC041LFBN-RC"; VariantName = "[No Variations]"
Add component (AddParameter): Name = "Package"; Value = "None"; VariantName = "[No Variations]"
Add component (AddParameter): Name = "Price"; Value = "None"; VariantName = "[No Variations]"
Add component (AddParameter): Name = "Purchase-URL"; Value = "https://pricing.snapeda.com/search/part/PPTC041LFBN-RC/?ref=eda"; VariantName = "[No Variations]"
Add component (AddParameter): Name = "SnapEDA_Link"; Value = "https://www.snapeda.com/parts/PPTC041LFBN-RC/Sullins%20Connector%20Solutions/view-part/285917/?ref=snap"; VariantName = "[No Variations]"
Add component (AddParameter): Name = "Value"; Value = ""; VariantName = "[No Variations]"
Added Pin To Net: NetName=+12 Pin=J2-1
Added Pin To Net: NetName=reset Pin=J?-1
Added Pin To Net: NetName=tx Pin=J?-2
Added Pin To Net: NetName=rx Pin=J?-3
Added Pin To Net: NetName=GND Pin=J?-4
Added Pin To Net: NetName=gsm_rx Pin=J2-3
Added Pin To Net: NetName=gsm_rx Pin=U2-12
Added Net: Name=gsm_rx
Added Pin To Net: NetName=gsm_tx Pin=J2-2
Added Pin To Net: NetName=gsm_tx Pin=U2-11
Added Net: Name=gsm_tx
Added Member To Class: ClassName=schematic Member=Component J? Header 4
